  [4;36;1mSQL (0.3ms)[0m   [0;1mSET SQL_AUTO_IS_NULL=0[0m
  [4;35;1mSQL (0.5ms)[0m   [0mSHOW TABLES[0m
  [4;36;1mSQL (23.7ms)[0m   [0;1mCREATE TABLE `schema_migrations` (`version` varchar(255) NOT NULL) ENGINE=InnoDB[0m
  [4;35;1mSQL (6.4ms)[0m   [0mCREATE UNIQUE INDEX `unique_schema_migrations` ON `schema_migrations` (`version`)[0m
  [4;36;1mSQL (0.0ms)[0m   [0;1mSHOW TABLES[0m
  [4;35;1mSQL (3.8ms)[0m   [0mSELECT version FROM schema_migrations[0m
Migrating to InitialDb (20091107180012)
  [4;36;1mSQL (7.7ms)[0m   [0;1mCREATE TABLE `contacts` (`id` int(11) DEFAULT NULL auto_increment PRIMARY KEY, `salutation` varchar(255), `first_name` varchar(255), `last_name` varchar(255), `address_1` varchar(255), `address_2` varchar(255), `city` varchar(255), `state` varchar(255), `zip` varchar(255), `country` varchar(255), `home_phone` varchar(255), `work_phone` varchar(255), `mobile_phone` varchar(255), `fax` varchar(255), `pager` varchar(255), `email` varchar(255), `email_preference` varchar(255), `email_status` varchar(255), `job_title` varchar(255), `company_name` varchar(255), `company_phone` varchar(255), `age` varchar(255), `gender` varchar(255), `other_skills` text, `committee_position` varchar(255), `board_position` varchar(255), `comments` text, `is_active` tinyint(1) DEFAULT 0 NOT NULL, `created_at` datetime NOT NULL, `updated_at` datetime NOT NULL) ENGINE=InnoDB[0m
  [4;35;1mSQL (0.0ms)[0m   [0mCREATE TABLE `contacts_contact_types` (`id` int(11) DEFAULT NULL auto_increment PRIMARY KEY) ENGINE=InnoDB[0m
  [4;36;1mSQL (3.3ms)[0m   [0;1mCREATE TABLE `contact_types` (`id` int(11) DEFAULT NULL auto_increment PRIMARY KEY, `description` varchar(255) NOT NULL) ENGINE=InnoDB[0m
  [4;36;1mSQL (0.0ms)[0m   [0;1mSET SQL_AUTO_IS_NULL=0[0m
  [4;35;1mSQL (2.2ms)[0m   [0mSHOW TABLES[0m
  [4;36;1mSQL (0.2ms)[0m   [0;1mSELECT version FROM schema_migrations[0m
Migrating to InitialDb (20091107180012)
  [4;35;1mSQL (0.0ms)[0m   [0mMysql::Error: Table 'contacts' already exists: CREATE TABLE `contacts` (`id` int(11) DEFAULT NULL auto_increment PRIMARY KEY, `salutation` varchar(255), `first_name` varchar(255), `last_name` varchar(255), `address_1` varchar(255), `address_2` varchar(255), `city` varchar(255), `state` varchar(255), `zip` varchar(255), `country` varchar(255), `home_phone` varchar(255), `work_phone` varchar(255), `mobile_phone` varchar(255), `fax` varchar(255), `pager` varchar(255), `email` varchar(255), `email_preference` varchar(255), `email_status` varchar(255), `job_title` varchar(255), `company_name` varchar(255), `company_phone` varchar(255), `age` varchar(255), `gender` varchar(255), `other_skills` text, `committee_position` varchar(255), `board_position` varchar(255), `comments` text, `is_active` tinyint(1) DEFAULT 0 NOT NULL, `created_at` datetime NOT NULL, `updated_at` datetime NOT NULL) ENGINE=InnoDB[0m
  [4;36;1mSQL (0.2ms)[0m   [0;1mSET SQL_AUTO_IS_NULL=0[0m
  [4;35;1mSQL (0.0ms)[0m   [0mSHOW TABLES[0m
  [4;36;1mSQL (0.0ms)[0m   [0;1mSELECT version FROM schema_migrations[0m
  [4;35;1mSQL (0.0ms)[0m   [0mSHOW TABLES[0m
  [4;36;1mSQL (0.0ms)[0m   [0;1mSELECT version FROM schema_migrations[0m
  [4;35;1mSQL (0.0ms)[0m   [0mSHOW TABLES[0m
  [4;36;1mSQL (2.5ms)[0m   [0;1mSHOW FIELDS FROM `contact_types`[0m
  [4;35;1mSQL (0.7ms)[0m   [0mdescribe `contact_types`[0m
  [4;36;1mSQL (0.0ms)[0m   [0;1mSHOW KEYS FROM `contact_types`[0m
  [4;35;1mSQL (2.7ms)[0m   [0mSHOW FIELDS FROM `contacts`[0m
  [4;36;1mSQL (1.8ms)[0m   [0;1mdescribe `contacts`[0m
  [4;35;1mSQL (0.0ms)[0m   [0mSHOW KEYS FROM `contacts`[0m
  [4;36;1mSQL (0.0ms)[0m   [0;1mSHOW FIELDS FROM `contacts_contact_types`[0m
  [4;35;1mSQL (4.2ms)[0m   [0mdescribe `contacts_contact_types`[0m
  [4;36;1mSQL (0.3ms)[0m   [0;1mSHOW KEYS FROM `contacts_contact_types`[0m
  [4;36;1mSQL (0.2ms)[0m   [0;1mSET SQL_AUTO_IS_NULL=0[0m
  [4;35;1mSQL (0.4ms)[0m   [0mSHOW TABLES[0m
  [4;36;1mSQL (10.6ms)[0m   [0;1mCREATE TABLE `schema_migrations` (`version` varchar(255) NOT NULL) ENGINE=InnoDB[0m
  [4;35;1mSQL (12.7ms)[0m   [0mCREATE UNIQUE INDEX `unique_schema_migrations` ON `schema_migrations` (`version`)[0m
  [4;36;1mSQL (0.4ms)[0m   [0;1mSHOW TABLES[0m
  [4;35;1mSQL (0.5ms)[0m   [0mSELECT version FROM schema_migrations[0m
Migrating to InitialDb (20091107180012)
  [4;36;1mSQL (8.8ms)[0m   [0;1mCREATE TABLE `contacts` (`id` int(11) DEFAULT NULL auto_increment PRIMARY KEY, `salutation` varchar(255), `first_name` varchar(255), `last_name` varchar(255), `address_1` varchar(255), `address_2` varchar(255), `city` varchar(255), `state` varchar(255), `zip` varchar(255), `country` varchar(255), `home_phone` varchar(255), `work_phone` varchar(255), `mobile_phone` varchar(255), `fax` varchar(255), `pager` varchar(255), `email` varchar(255), `email_preference` varchar(255), `email_status` varchar(255), `job_title` varchar(255), `company_name` varchar(255), `company_phone` varchar(255), `age` varchar(255), `gender` varchar(255), `other_skills` text, `committee_position` varchar(255), `board_position` varchar(255), `comments` text, `is_active` tinyint(1) DEFAULT 0 NOT NULL, `created_at` datetime NOT NULL, `updated_at` datetime NOT NULL) ENGINE=InnoDB[0m
  [4;35;1mSQL (3.8ms)[0m   [0mCREATE TABLE `contacts_contact_types` (`id` int(11) DEFAULT NULL auto_increment PRIMARY KEY) ENGINE=InnoDB[0m
  [4;36;1mSQL (3.4ms)[0m   [0;1mCREATE TABLE `contact_types` (`id` int(11) DEFAULT NULL auto_increment PRIMARY KEY, `description` varchar(255) NOT NULL) ENGINE=InnoDB[0m
  [4;36;1mSQL (0.0ms)[0m   [0;1mSET SQL_AUTO_IS_NULL=0[0m
  [4;35;1mSQL (3.9ms)[0m   [0mSHOW TABLES[0m
  [4;36;1mSQL (0.3ms)[0m   [0;1mSELECT version FROM schema_migrations[0m
Migrating to InitialDb (20091107180012)
  [4;36;1mSQL (0.2ms)[0m   [0;1mSET SQL_AUTO_IS_NULL=0[0m
  [4;35;1mSQL (0.0ms)[0m   [0mSHOW TABLES[0m
  [4;36;1mSQL (0.0ms)[0m   [0;1mSELECT version FROM schema_migrations[0m
Migrating to InitialDb (20091107180012)
  [4;36;1mSQL (0.3ms)[0m   [0;1mSET SQL_AUTO_IS_NULL=0[0m
  [4;35;1mSQL (0.4ms)[0m   [0mSHOW TABLES[0m
  [4;36;1mSQL (0.0ms)[0m   [0;1mSELECT version FROM schema_migrations[0m
Migrating to InitialDb (20091107180012)
  [4;36;1mSQL (0.3ms)[0m   [0;1mSET SQL_AUTO_IS_NULL=0[0m
  [4;35;1mSQL (0.4ms)[0m   [0mSHOW TABLES[0m
  [4;36;1mSQL (0.0ms)[0m   [0;1mSELECT version FROM schema_migrations[0m
Migrating to InitialDb (20091107180012)
  [4;36;1mSQL (0.2ms)[0m   [0;1mSET SQL_AUTO_IS_NULL=0[0m
  [4;35;1mSQL (0.0ms)[0m   [0mSHOW TABLES[0m
  [4;36;1mSQL (0.0ms)[0m   [0;1mSELECT version FROM schema_migrations[0m
Migrating to InitialDb (20091107180012)
  [4;36;1mSQL (3.8ms)[0m   [0;1mSET SQL_AUTO_IS_NULL=0[0m
  [4;35;1mSQL (0.4ms)[0m   [0mSHOW TABLES[0m
  [4;36;1mSQL (0.1ms)[0m   [0;1mSELECT version FROM schema_migrations[0m
Migrating to InitialDb (20091107180012)
  [4;36;1mSQL (0.2ms)[0m   [0;1mSET SQL_AUTO_IS_NULL=0[0m
  [4;35;1mSQL (0.0ms)[0m   [0mSHOW TABLES[0m
  [4;36;1mSQL (0.0ms)[0m   [0;1mSELECT version FROM schema_migrations[0m
Migrating to InitialDb (20091107180012)
  [4;36;1mSQL (0.2ms)[0m   [0;1mSET SQL_AUTO_IS_NULL=0[0m
  [4;35;1mSQL (0.0ms)[0m   [0mSHOW TABLES[0m
  [4;36;1mSQL (0.0ms)[0m   [0;1mSELECT version FROM schema_migrations[0m
Migrating to InitialDb (20091107180012)
  [4;35;1mSQL (7.5ms)[0m   [0mCREATE TABLE `houses` (`id` int(11) DEFAULT NULL auto_increment PRIMARY KEY, `ethnicity` varchar(255), `disability` varchar(255), `years_in_home` varchar(255), `annual_income` varchar(255), `monthly_payments` varchar(255), `children_names_and_ages` text, `application_submitted_on` date) ENGINE=InnoDB[0m
  [4;36;1mSQL (0.0ms)[0m   [0;1mINSERT INTO schema_migrations (version) VALUES ('20091107180012')[0m
  [4;35;1mSQL (0.0ms)[0m   [0mSHOW TABLES[0m
  [4;36;1mSQL (0.0ms)[0m   [0;1mSELECT version FROM schema_migrations[0m
  [4;35;1mSQL (0.0ms)[0m   [0mSHOW TABLES[0m
  [4;36;1mSQL (2.0ms)[0m   [0;1mSHOW FIELDS FROM `contact_types`[0m
  [4;35;1mSQL (0.0ms)[0m   [0mdescribe `contact_types`[0m
  [4;36;1mSQL (0.0ms)[0m   [0;1mSHOW KEYS FROM `contact_types`[0m
  [4;35;1mSQL (2.1ms)[0m   [0mSHOW FIELDS FROM `contacts`[0m
  [4;36;1mSQL (3.5ms)[0m   [0;1mdescribe `contacts`[0m
  [4;35;1mSQL (2.9ms)[0m   [0mSHOW KEYS FROM `contacts`[0m
  [4;36;1mSQL (0.8ms)[0m   [0;1mSHOW FIELDS FROM `contacts_contact_types`[0m
  [4;35;1mSQL (0.5ms)[0m   [0mdescribe `contacts_contact_types`[0m
  [4;36;1mSQL (0.0ms)[0m   [0;1mSHOW KEYS FROM `contacts_contact_types`[0m
  [4;35;1mSQL (0.0ms)[0m   [0mSHOW FIELDS FROM `houses`[0m
  [4;36;1mSQL (0.7ms)[0m   [0;1mdescribe `houses`[0m
  [4;35;1mSQL (0.4ms)[0m   [0mSHOW KEYS FROM `houses`[0m
  [4;36;1mSQL (0.3ms)[0m   [0;1mSET SQL_AUTO_IS_NULL=0[0m
  [4;35;1mSQL (0.5ms)[0m   [0mSHOW TABLES[0m
  [4;36;1mSQL (0.0ms)[0m   [0;1mSELECT version FROM schema_migrations[0m
Migrating to InitialDb (20091107180012)
  [4;35;1mSQL (3.7ms)[0m   [0mSHOW TABLES[0m
  [4;36;1mSQL (0.1ms)[0m   [0;1mSELECT version FROM schema_migrations[0m
  [4;35;1mSQL (0.0ms)[0m   [0mSHOW TABLES[0m
  [4;36;1mSQL (0.0ms)[0m   [0;1mSHOW FIELDS FROM `contact_types`[0m
  [4;35;1mSQL (0.6ms)[0m   [0mdescribe `contact_types`[0m
  [4;36;1mSQL (0.4ms)[0m   [0;1mSHOW KEYS FROM `contact_types`[0m
  [4;35;1mSQL (7.4ms)[0m   [0mSHOW FIELDS FROM `contacts`[0m
  [4;36;1mSQL (4.4ms)[0m   [0;1mdescribe `contacts`[0m
  [4;35;1mSQL (4.0ms)[0m   [0mSHOW KEYS FROM `contacts`[0m
  [4;36;1mSQL (0.8ms)[0m   [0;1mSHOW FIELDS FROM `contacts_contact_types`[0m
  [4;35;1mSQL (0.6ms)[0m   [0mdescribe `contacts_contact_types`[0m
  [4;36;1mSQL (0.0ms)[0m   [0;1mSHOW KEYS FROM `contacts_contact_types`[0m
  [4;36;1mSQL (0.0ms)[0m   [0;1mSET SQL_AUTO_IS_NULL=0[0m
  [4;35;1mSQL (0.0ms)[0m   [0mSHOW TABLES[0m
  [4;36;1mSQL (3.5ms)[0m   [0;1mSELECT version FROM schema_migrations[0m
Migrating to InitialDb (20091107180012)
  [4;35;1mSQL (0.0ms)[0m   [0mSHOW TABLES[0m
  [4;36;1mSQL (0.0ms)[0m   [0;1mSELECT version FROM schema_migrations[0m
  [4;35;1mSQL (0.0ms)[0m   [0mSHOW TABLES[0m
  [4;36;1mSQL (4.3ms)[0m   [0;1mSHOW FIELDS FROM `contact_types`[0m
  [4;35;1mSQL (0.5ms)[0m   [0mdescribe `contact_types`[0m
  [4;36;1mSQL (0.3ms)[0m   [0;1mSHOW KEYS FROM `contact_types`[0m
  [4;35;1mSQL (2.3ms)[0m   [0mSHOW FIELDS FROM `contacts`[0m
  [4;36;1mSQL (2.1ms)[0m   [0;1mdescribe `contacts`[0m
  [4;35;1mSQL (0.0ms)[0m   [0mSHOW KEYS FROM `contacts`[0m
  [4;36;1mSQL (0.0ms)[0m   [0;1mSHOW FIELDS FROM `contacts_contact_types`[0m
  [4;35;1mSQL (0.5ms)[0m   [0mdescribe `contacts_contact_types`[0m
  [4;36;1mSQL (0.3ms)[0m   [0;1mSHOW KEYS FROM `contacts_contact_types`[0m
  [4;36;1mSQL (0.2ms)[0m   [0;1mSET SQL_AUTO_IS_NULL=0[0m
  [4;35;1mSQL (5.0ms)[0m   [0mSHOW TABLES[0m
  [4;36;1mSQL (0.1ms)[0m   [0;1mSELECT version FROM schema_migrations[0m
  [4;35;1mSQL (0.3ms)[0m   [0mSHOW TABLES[0m
  [4;36;1mSQL (0.1ms)[0m   [0;1mSELECT version FROM schema_migrations[0m
Migrating to InitialDb (20091107180012)
  [4;35;1mSQL (4.6ms)[0m   [0mDELETE FROM schema_migrations WHERE version = '20091107180012'[0m
  [4;36;1mSQL (0.0ms)[0m   [0;1mSHOW TABLES[0m
  [4;35;1mSQL (0.0ms)[0m   [0mSELECT version FROM schema_migrations[0m
  [4;36;1mSQL (0.0ms)[0m   [0;1mSHOW TABLES[0m
  [4;35;1mSQL (2.6ms)[0m   [0mSHOW FIELDS FROM `contact_types`[0m
  [4;36;1mSQL (0.5ms)[0m   [0;1mdescribe `contact_types`[0m
  [4;35;1mSQL (0.0ms)[0m   [0mSHOW KEYS FROM `contact_types`[0m
  [4;36;1mSQL (2.4ms)[0m   [0;1mSHOW FIELDS FROM `contacts`[0m
  [4;35;1mSQL (2.1ms)[0m   [0mdescribe `contacts`[0m
  [4;36;1mSQL (0.0ms)[0m   [0;1mSHOW KEYS FROM `contacts`[0m
  [4;35;1mSQL (0.0ms)[0m   [0mSHOW FIELDS FROM `contacts_contact_types`[0m
  [4;36;1mSQL (0.7ms)[0m   [0;1mdescribe `contacts_contact_types`[0m
  [4;35;1mSQL (0.3ms)[0m   [0mSHOW KEYS FROM `contacts_contact_types`[0m
  [4;36;1mSQL (0.0ms)[0m   [0;1mSET SQL_AUTO_IS_NULL=0[0m
  [4;35;1mSQL (4.3ms)[0m   [0mSHOW TABLES[0m
  [4;36;1mSQL (0.1ms)[0m   [0;1mSELECT version FROM schema_migrations[0m
  [4;35;1mSQL (0.0ms)[0m   [0mSHOW TABLES[0m
  [4;36;1mSQL (0.0ms)[0m   [0;1mSELECT version FROM schema_migrations[0m
  [4;35;1mSQL (2.3ms)[0m   [0mSHOW TABLES[0m
  [4;36;1mSQL (0.8ms)[0m   [0;1mSHOW FIELDS FROM `contact_types`[0m
  [4;35;1mSQL (0.6ms)[0m   [0mdescribe `contact_types`[0m
  [4;36;1mSQL (0.0ms)[0m   [0;1mSHOW KEYS FROM `contact_types`[0m
  [4;35;1mSQL (2.9ms)[0m   [0mSHOW FIELDS FROM `contacts`[0m
  [4;36;1mSQL (3.8ms)[0m   [0;1mdescribe `contacts`[0m
  [4;35;1mSQL (0.0ms)[0m   [0mSHOW KEYS FROM `contacts`[0m
  [4;36;1mSQL (3.5ms)[0m   [0;1mSHOW FIELDS FROM `contacts_contact_types`[0m
  [4;35;1mSQL (0.5ms)[0m   [0mdescribe `contacts_contact_types`[0m
  [4;36;1mSQL (0.2ms)[0m   [0;1mSHOW KEYS FROM `contacts_contact_types`[0m
  [4;36;1mSQL (0.2ms)[0m   [0;1mSET SQL_AUTO_IS_NULL=0[0m
  [4;35;1mSQL (0.4ms)[0m   [0mSHOW TABLES[0m
  [4;36;1mSQL (0.0ms)[0m   [0;1mSELECT version FROM schema_migrations[0m
Migrating to InitialDb (20091107180012)
  [4;36;1mSQL (0.2ms)[0m   [0;1mSET SQL_AUTO_IS_NULL=0[0m
  [4;35;1mSQL (4.4ms)[0m   [0mSHOW TABLES[0m
  [4;36;1mSQL (0.2ms)[0m   [0;1mSELECT version FROM schema_migrations[0m
Migrating to InitialDb (20091107180012)
  [4;36;1mSQL (0.3ms)[0m   [0;1mSET SQL_AUTO_IS_NULL=0[0m
  [4;35;1mSQL (2.3ms)[0m   [0mSHOW TABLES[0m
  [4;36;1mSQL (0.2ms)[0m   [0;1mSELECT version FROM schema_migrations[0m
Migrating to InitialDb (20091107180012)
  [4;36;1mSQL (0.2ms)[0m   [0;1mSET SQL_AUTO_IS_NULL=0[0m
  [4;35;1mSQL (0.0ms)[0m   [0mSHOW TABLES[0m
  [4;36;1mSQL (0.0ms)[0m   [0;1mSELECT version FROM schema_migrations[0m
Migrating to InitialDb (20091107180012)
  [4;36;1mSQL (0.3ms)[0m   [0;1mSET SQL_AUTO_IS_NULL=0[0m
  [4;35;1mSQL (4.5ms)[0m   [0mSHOW TABLES[0m
  [4;36;1mSQL (0.2ms)[0m   [0;1mSELECT version FROM schema_migrations[0m
Migrating to InitialDb (20091107180012)
  [4;36;1mSQL (0.3ms)[0m   [0;1mSET SQL_AUTO_IS_NULL=0[0m
  [4;35;1mSQL (0.5ms)[0m   [0mSHOW TABLES[0m
  [4;36;1mSQL (0.1ms)[0m   [0;1mSELECT version FROM schema_migrations[0m
Migrating to InitialDb (20091107180012)
  [4;35;1mSQL (8.6ms)[0m   [0mCREATE TABLE `houses` (`id` int(11) DEFAULT NULL auto_increment PRIMARY KEY, `ethnicity` varchar(255), `disability` varchar(255), `years_in_home` varchar(255), `is_homeowner` tinyint(1) DEFAULT 0 NOT NULL, `annual_income` varchar(255), `monthly_payments` varchar(255), `children_names_and_ages` text, `application_submitted_on` date, `is_application_complete` tinyint(1) DEFAULT 0 NOT NULL, `is_application_signed` tinyint(1) DEFAULT 0 NOT NULL, `is_proof_of_ownership` tinyint(1) DEFAULT 0 NOT NULL, `is_income_verification` tinyint(1) DEFAULT 0 NOT NULL, `is_previous_cia_application` tinyint(1) DEFAULT 0 NOT NULL, `referral_organization` varchar(255), `referral_agent` varchar(255), `area_of_town` varchar(255), `repairs_needed` text, `number_of_volunteers_needed` varchar(255), `materials_needed` text, `estimated_cost` varchar(255), `comments` text) ENGINE=InnoDB[0m
  [4;36;1mSQL (1.4ms)[0m   [0;1mINSERT INTO schema_migrations (version) VALUES ('20091107180012')[0m
  [4;35;1mSQL (0.5ms)[0m   [0mSHOW TABLES[0m
  [4;36;1mSQL (0.3ms)[0m   [0;1mSELECT version FROM schema_migrations[0m
  [4;35;1mSQL (0.2ms)[0m   [0mSHOW TABLES[0m
  [4;36;1mSQL (0.0ms)[0m   [0;1mSHOW FIELDS FROM `contact_types`[0m
  [4;35;1mSQL (2.3ms)[0m   [0mdescribe `contact_types`[0m
  [4;36;1mSQL (0.3ms)[0m   [0;1mSHOW KEYS FROM `contact_types`[0m
  [4;35;1mSQL (0.0ms)[0m   [0mSHOW FIELDS FROM `contacts`[0m
  [4;36;1mSQL (0.0ms)[0m   [0;1mdescribe `contacts`[0m
  [4;35;1mSQL (0.0ms)[0m   [0mSHOW KEYS FROM `contacts`[0m
  [4;36;1mSQL (0.0ms)[0m   [0;1mSHOW FIELDS FROM `contacts_contact_types`[0m
  [4;35;1mSQL (0.0ms)[0m   [0mdescribe `contacts_contact_types`[0m
  [4;36;1mSQL (0.3ms)[0m   [0;1mSHOW KEYS FROM `contacts_contact_types`[0m
  [4;35;1mSQL (1.7ms)[0m   [0mSHOW FIELDS FROM `houses`[0m
  [4;36;1mSQL (2.8ms)[0m   [0;1mdescribe `houses`[0m
  [4;35;1mSQL (0.5ms)[0m   [0mSHOW KEYS FROM `houses`[0m
  [4;36;1mSQL (0.0ms)[0m   [0;1mSET SQL_AUTO_IS_NULL=0[0m
  [4;35;1mSQL (2.5ms)[0m   [0mSHOW TABLES[0m
  [4;36;1mSQL (0.1ms)[0m   [0;1mSELECT version FROM schema_migrations[0m
Migrating to InitialDb (20091107180012)
  [4;35;1mSQL (0.0ms)[0m   [0mSHOW TABLES[0m
  [4;36;1mSQL (0.0ms)[0m   [0;1mSELECT version FROM schema_migrations[0m
  [4;35;1mSQL (0.3ms)[0m   [0mSHOW TABLES[0m
  [4;36;1mSQL (0.8ms)[0m   [0;1mSHOW FIELDS FROM `contact_types`[0m
  [4;35;1mSQL (0.6ms)[0m   [0mdescribe `contact_types`[0m
  [4;36;1mSQL (0.0ms)[0m   [0;1mSHOW KEYS FROM `contact_types`[0m
  [4;35;1mSQL (2.9ms)[0m   [0mSHOW FIELDS FROM `contacts`[0m
  [4;36;1mSQL (3.5ms)[0m   [0;1mdescribe `contacts`[0m
  [4;35;1mSQL (0.0ms)[0m   [0mSHOW KEYS FROM `contacts`[0m
  [4;36;1mSQL (3.7ms)[0m   [0;1mSHOW FIELDS FROM `contacts_contact_types`[0m
  [4;35;1mSQL (0.5ms)[0m   [0mdescribe `contacts_contact_types`[0m
  [4;36;1mSQL (0.3ms)[0m   [0;1mSHOW KEYS FROM `contacts_contact_types`[0m
  [4;36;1mSQL (0.3ms)[0m   [0;1mSET SQL_AUTO_IS_NULL=0[0m
  [4;35;1mSQL (0.0ms)[0m   [0mSHOW TABLES[0m
  [4;36;1mSQL (0.0ms)[0m   [0;1mSELECT version FROM schema_migrations[0m
  [4;35;1mSQL (2.8ms)[0m   [0mSHOW TABLES[0m
  [4;36;1mSQL (0.1ms)[0m   [0;1mSELECT version FROM schema_migrations[0m
Migrating to InitialDb (20091107180012)
  [4;35;1mSQL (4.8ms)[0m   [0mDELETE FROM schema_migrations WHERE version = '20091107180012'[0m
  [4;36;1mSQL (0.6ms)[0m   [0;1mSHOW TABLES[0m
  [4;35;1mSQL (0.0ms)[0m   [0mSELECT version FROM schema_migrations[0m
  [4;36;1mSQL (0.0ms)[0m   [0;1mSHOW TABLES[0m
  [4;35;1mSQL (0.0ms)[0m   [0mSHOW FIELDS FROM `contact_types`[0m
  [4;36;1mSQL (0.6ms)[0m   [0;1mdescribe `contact_types`[0m
  [4;35;1mSQL (0.3ms)[0m   [0mSHOW KEYS FROM `contact_types`[0m
  [4;36;1mSQL (0.0ms)[0m   [0;1mSHOW FIELDS FROM `contacts`[0m
  [4;35;1mSQL (0.0ms)[0m   [0mdescribe `contacts`[0m
  [4;36;1mSQL (0.4ms)[0m   [0;1mSHOW KEYS FROM `contacts`[0m
  [4;35;1mSQL (0.0ms)[0m   [0mSHOW FIELDS FROM `contacts_contact_types`[0m
  [4;36;1mSQL (0.0ms)[0m   [0;1mdescribe `contacts_contact_types`[0m
  [4;35;1mSQL (2.0ms)[0m   [0mSHOW KEYS FROM `contacts_contact_types`[0m
  [4;36;1mSQL (0.0ms)[0m   [0;1mSET SQL_AUTO_IS_NULL=0[0m
  [4;35;1mSQL (0.5ms)[0m   [0mSHOW TABLES[0m
  [4;36;1mSQL (0.1ms)[0m   [0;1mSELECT version FROM schema_migrations[0m
Migrating to InitialDb (20091107180012)
  [4;36;1mSQL (0.0ms)[0m   [0;1mSET SQL_AUTO_IS_NULL=0[0m
  [4;35;1mSQL (0.0ms)[0m   [0mSHOW TABLES[0m
  [4;36;1mSQL (0.0ms)[0m   [0;1mSELECT version FROM schema_migrations[0m
Migrating to InitialDb (20091107180012)
  [4;36;1mSQL (0.2ms)[0m   [0;1mSET SQL_AUTO_IS_NULL=0[0m
  [4;35;1mSQL (0.0ms)[0m   [0mSHOW TABLES[0m
  [4;36;1mSQL (0.0ms)[0m   [0;1mSELECT version FROM schema_migrations[0m
Migrating to InitialDb (20091107180012)
  [4;36;1mSQL (0.2ms)[0m   [0;1mSET SQL_AUTO_IS_NULL=0[0m
  [4;35;1mSQL (0.0ms)[0m   [0mSHOW TABLES[0m
  [4;36;1mSQL (0.0ms)[0m   [0;1mSELECT version FROM schema_migrations[0m
Migrating to InitialDb (20091107180012)
  [4;36;1mSQL (0.2ms)[0m   [0;1mSET SQL_AUTO_IS_NULL=0[0m
  [4;35;1mSQL (0.0ms)[0m   [0mSHOW TABLES[0m
  [4;36;1mSQL (0.0ms)[0m   [0;1mSELECT version FROM schema_migrations[0m
Migrating to InitialDb (20091107180012)
  [4;36;1mSQL (0.2ms)[0m   [0;1mSET SQL_AUTO_IS_NULL=0[0m
  [4;35;1mSQL (0.3ms)[0m   [0mSHOW TABLES[0m
  [4;36;1mSQL (0.1ms)[0m   [0;1mSELECT version FROM schema_migrations[0m
Migrating to InitialDb (20091107180012)
  [4;36;1mSQL (0.0ms)[0m   [0;1mSET SQL_AUTO_IS_NULL=0[0m
  [4;35;1mSQL (3.6ms)[0m   [0mSHOW TABLES[0m
  [4;36;1mSQL (0.1ms)[0m   [0;1mSELECT version FROM schema_migrations[0m
Migrating to InitialDb (20091107180012)
  [4;35;1mSQL (27.8ms)[0m   [0mCREATE TABLE `houses` (`id` int(11) DEFAULT NULL auto_increment PRIMARY KEY, `ethnicity` varchar(255), `disability` varchar(255), `years_in_home` varchar(255), `is_homeowner` tinyint(1) DEFAULT 0 NOT NULL, `annual_income` varchar(255), `monthly_payments` varchar(255), `children_names_and_ages` text, `application_submitted_on` date, `is_application_complete` tinyint(1) DEFAULT 0 NOT NULL, `is_application_signed` tinyint(1) DEFAULT 0 NOT NULL, `is_proof_of_ownership` tinyint(1) DEFAULT 0 NOT NULL, `is_income_verification` tinyint(1) DEFAULT 0 NOT NULL, `is_previous_cia_application` tinyint(1) DEFAULT 0 NOT NULL, `referral_organization` varchar(255), `referral_agent` varchar(255), `area_of_town` varchar(255), `repairs_needed` text, `number_of_volunteers_needed` varchar(255), `materials_needed` text, `estimated_cost` varchar(255), `comments` text, `is_accepted` tinyint(1) DEFAULT 0 NOT NULL, `accept_letter_sent_on` date) ENGINE=InnoDB[0m
  [4;36;1mSQL (3.7ms)[0m   [0;1mINSERT INTO schema_migrations (version) VALUES ('20091107180012')[0m
  [4;35;1mSQL (0.4ms)[0m   [0mSHOW TABLES[0m
  [4;36;1mSQL (3.2ms)[0m   [0;1mSELECT version FROM schema_migrations[0m
  [4;35;1mSQL (0.2ms)[0m   [0mSHOW TABLES[0m
  [4;36;1mSQL (3.8ms)[0m   [0;1mSHOW FIELDS FROM `contact_types`[0m
  [4;35;1mSQL (3.3ms)[0m   [0mdescribe `contact_types`[0m
  [4;36;1mSQL (0.3ms)[0m   [0;1mSHOW KEYS FROM `contact_types`[0m
  [4;35;1mSQL (5.2ms)[0m   [0mSHOW FIELDS FROM `contacts`[0m
  [4;36;1mSQL (7.1ms)[0m   [0;1mdescribe `contacts`[0m
  [4;35;1mSQL (3.7ms)[0m   [0mSHOW KEYS FROM `contacts`[0m
  [4;36;1mSQL (0.7ms)[0m   [0;1mSHOW FIELDS FROM `contacts_contact_types`[0m
  [4;35;1mSQL (0.8ms)[0m   [0mdescribe `contacts_contact_types`[0m
  [4;36;1mSQL (0.3ms)[0m   [0;1mSHOW KEYS FROM `contacts_contact_types`[0m
  [4;35;1mSQL (3.2ms)[0m   [0mSHOW FIELDS FROM `houses`[0m
  [4;36;1mSQL (0.0ms)[0m   [0;1mdescribe `houses`[0m
  [4;35;1mSQL (0.4ms)[0m   [0mSHOW KEYS FROM `houses`[0m
  [4;36;1mSQL (0.0ms)[0m   [0;1mSET SQL_AUTO_IS_NULL=0[0m
  [4;35;1mSQL (4.0ms)[0m   [0mSHOW TABLES[0m
  [4;36;1mSQL (0.1ms)[0m   [0;1mSELECT version FROM schema_migrations[0m
Migrating to InitialDb (20091107180012)
  [4;35;1mSQL (0.4ms)[0m   [0mSHOW TABLES[0m
  [4;36;1mSQL (0.1ms)[0m   [0;1mSELECT version FROM schema_migrations[0m
  [4;35;1mSQL (0.2ms)[0m   [0mSHOW TABLES[0m
  [4;36;1mSQL (0.9ms)[0m   [0;1mSHOW FIELDS FROM `contact_types`[0m
  [4;35;1mSQL (0.5ms)[0m   [0mdescribe `contact_types`[0m
  [4;36;1mSQL (0.0ms)[0m   [0;1mSHOW KEYS FROM `contact_types`[0m
  [4;35;1mSQL (2.9ms)[0m   [0mSHOW FIELDS FROM `contacts`[0m
  [4;36;1mSQL (0.0ms)[0m   [0;1mdescribe `contacts`[0m
  [4;35;1mSQL (0.0ms)[0m   [0mSHOW KEYS FROM `contacts`[0m
  [4;36;1mSQL (0.0ms)[0m   [0;1mSHOW FIELDS FROM `contacts_contact_types`[0m
  [4;35;1mSQL (2.1ms)[0m   [0mdescribe `contacts_contact_types`[0m
  [4;36;1mSQL (0.3ms)[0m   [0;1mSHOW KEYS FROM `contacts_contact_types`[0m
  [4;36;1mSQL (0.2ms)[0m   [0;1mSET SQL_AUTO_IS_NULL=0[0m
  [4;35;1mSQL (0.4ms)[0m   [0mSHOW TABLES[0m
  [4;36;1mSQL (0.0ms)[0m   [0;1mSELECT version FROM schema_migrations[0m
  [4;35;1mSQL (0.0ms)[0m   [0mSHOW TABLES[0m
  [4;36;1mSQL (0.0ms)[0m   [0;1mSELECT version FROM schema_migrations[0m
Migrating to InitialDb (20091107180012)
  [4;35;1mSQL (7.3ms)[0m   [0mDELETE FROM schema_migrations WHERE version = '20091107180012'[0m
  [4;36;1mSQL (0.0ms)[0m   [0;1mSHOW TABLES[0m
  [4;35;1mSQL (0.0ms)[0m   [0mSELECT version FROM schema_migrations[0m
  [4;36;1mSQL (0.0ms)[0m   [0;1mSHOW TABLES[0m
  [4;35;1mSQL (0.8ms)[0m   [0mSHOW FIELDS FROM `contact_types`[0m
  [4;36;1mSQL (0.5ms)[0m   [0;1mdescribe `contact_types`[0m
  [4;35;1mSQL (0.0ms)[0m   [0mSHOW KEYS FROM `contact_types`[0m
  [4;36;1mSQL (3.1ms)[0m   [0;1mSHOW FIELDS FROM `contacts`[0m
  [4;35;1mSQL (4.1ms)[0m   [0mdescribe `contacts`[0m
  [4;36;1mSQL (0.7ms)[0m   [0;1mSHOW KEYS FROM `contacts`[0m
  [4;35;1mSQL (0.6ms)[0m   [0mSHOW FIELDS FROM `contacts_contact_types`[0m
  [4;36;1mSQL (0.0ms)[0m   [0;1mdescribe `contacts_contact_types`[0m
  [4;35;1mSQL (0.0ms)[0m   [0mSHOW KEYS FROM `contacts_contact_types`[0m
  [4;36;1mSQL (0.4ms)[0m   [0;1mSET SQL_AUTO_IS_NULL=0[0m
  [4;35;1mSQL (0.0ms)[0m   [0mSHOW TABLES[0m
  [4;36;1mSQL (0.0ms)[0m   [0;1mSELECT version FROM schema_migrations[0m
Migrating to InitialDb (20091107180012)
  [4;35;1mSQL (13.4ms)[0m   [0mCREATE TABLE `houses` (`id` int(11) DEFAULT NULL auto_increment PRIMARY KEY, `ethnicity` varchar(255), `disability` varchar(255), `years_in_home` varchar(255), `is_homeowner` tinyint(1) DEFAULT 0 NOT NULL, `annual_income` varchar(255), `monthly_payments` varchar(255), `children_names_and_ages` text, `application_submitted_on` date, `is_application_complete` tinyint(1) DEFAULT 0 NOT NULL, `is_application_signed` tinyint(1) DEFAULT 0 NOT NULL, `is_proof_of_ownership` tinyint(1) DEFAULT 0 NOT NULL, `is_income_verification` tinyint(1) DEFAULT 0 NOT NULL, `is_previous_cia_application` tinyint(1) DEFAULT 0 NOT NULL, `referral_organization` varchar(255), `referral_agent` varchar(255), `area_of_town` varchar(255), `repairs_needed` text, `number_of_volunteers_needed` varchar(255), `materials_needed` text, `estimated_cost` varchar(255), `comments` text, `is_accepted` tinyint(1) DEFAULT 0 NOT NULL, `accept_letter_sent_on` date, `created_at` datetime NOT NULL, `updated_at` datetime NOT NULL) ENGINE=InnoDB[0m
  [4;36;1mSQL (2.3ms)[0m   [0;1mINSERT INTO schema_migrations (version) VALUES ('20091107180012')[0m
  [4;35;1mSQL (0.4ms)[0m   [0mSHOW TABLES[0m
  [4;36;1mSQL (0.2ms)[0m   [0;1mSELECT version FROM schema_migrations[0m
  [4;35;1mSQL (0.2ms)[0m   [0mSHOW TABLES[0m
  [4;36;1mSQL (0.0ms)[0m   [0;1mSHOW FIELDS FROM `contact_types`[0m
  [4;35;1mSQL (2.4ms)[0m   [0mdescribe `contact_types`[0m
  [4;36;1mSQL (0.3ms)[0m   [0;1mSHOW KEYS FROM `contact_types`[0m
  [4;35;1mSQL (0.0ms)[0m   [0mSHOW FIELDS FROM `contacts`[0m
  [4;36;1mSQL (0.0ms)[0m   [0;1mdescribe `contacts`[0m
  [4;35;1mSQL (0.5ms)[0m   [0mSHOW KEYS FROM `contacts`[0m
  [4;36;1mSQL (0.0ms)[0m   [0;1mSHOW FIELDS FROM `contacts_contact_types`[0m
  [4;35;1mSQL (0.0ms)[0m   [0mdescribe `contacts_contact_types`[0m
  [4;36;1mSQL (0.0ms)[0m   [0;1mSHOW KEYS FROM `contacts_contact_types`[0m
  [4;35;1mSQL (3.7ms)[0m   [0mSHOW FIELDS FROM `houses`[0m
  [4;36;1mSQL (6.3ms)[0m   [0;1mdescribe `houses`[0m
  [4;35;1mSQL (0.0ms)[0m   [0mSHOW KEYS FROM `houses`[0m
  [4;36;1mSQL (0.4ms)[0m   [0;1mSET SQL_AUTO_IS_NULL=0[0m
  [4;35;1mSQL (0.0ms)[0m   [0mSHOW TABLES[0m
  [4;36;1mSQL (0.0ms)[0m   [0;1mSELECT version FROM schema_migrations[0m
  [4;35;1mSQL (0.0ms)[0m   [0mSHOW TABLES[0m
  [4;36;1mSQL (2.2ms)[0m   [0;1mSELECT version FROM schema_migrations[0m
Migrating to InitialDb (20091107180012)
  [4;35;1mSQL (4.8ms)[0m   [0mDELETE FROM schema_migrations WHERE version = '20091107180012'[0m
  [4;36;1mSQL (0.0ms)[0m   [0;1mSHOW TABLES[0m
  [4;35;1mSQL (0.0ms)[0m   [0mSELECT version FROM schema_migrations[0m
  [4;36;1mSQL (0.0ms)[0m   [0;1mSHOW TABLES[0m
  [4;35;1mSQL (2.6ms)[0m   [0mSHOW FIELDS FROM `contact_types`[0m
  [4;36;1mSQL (0.6ms)[0m   [0;1mdescribe `contact_types`[0m
  [4;35;1mSQL (0.3ms)[0m   [0mSHOW KEYS FROM `contact_types`[0m
  [4;36;1mSQL (2.1ms)[0m   [0;1mSHOW FIELDS FROM `contacts`[0m
  [4;35;1mSQL (0.0ms)[0m   [0mdescribe `contacts`[0m
  [4;36;1mSQL (0.0ms)[0m   [0;1mSHOW KEYS FROM `contacts`[0m
  [4;35;1mSQL (0.0ms)[0m   [0mSHOW FIELDS FROM `contacts_contact_types`[0m
  [4;36;1mSQL (0.0ms)[0m   [0;1mdescribe `contacts_contact_types`[0m
  [4;35;1mSQL (0.3ms)[0m   [0mSHOW KEYS FROM `contacts_contact_types`[0m
  [4;36;1mSQL (0.2ms)[0m   [0;1mSET SQL_AUTO_IS_NULL=0[0m
  [4;35;1mSQL (0.3ms)[0m   [0mSHOW TABLES[0m
  [4;36;1mSQL (0.0ms)[0m   [0;1mSELECT version FROM schema_migrations[0m
  [4;35;1mSQL (0.6ms)[0m   [0mSHOW TABLES[0m
  [4;36;1mSQL (0.1ms)[0m   [0;1mSELECT version FROM schema_migrations[0m
  [4;35;1mSQL (0.0ms)[0m   [0mSHOW TABLES[0m
  [4;36;1mSQL (0.0ms)[0m   [0;1mSHOW FIELDS FROM `contact_types`[0m
  [4;35;1mSQL (2.1ms)[0m   [0mdescribe `contact_types`[0m
  [4;36;1mSQL (0.3ms)[0m   [0;1mSHOW KEYS FROM `contact_types`[0m
  [4;35;1mSQL (0.0ms)[0m   [0mSHOW FIELDS FROM `contacts`[0m
  [4;36;1mSQL (0.0ms)[0m   [0;1mdescribe `contacts`[0m
  [4;35;1mSQL (0.4ms)[0m   [0mSHOW KEYS FROM `contacts`[0m
  [4;36;1mSQL (0.6ms)[0m   [0;1mSHOW FIELDS FROM `contacts_contact_types`[0m
  [4;35;1mSQL (0.0ms)[0m   [0mdescribe `contacts_contact_types`[0m
  [4;36;1mSQL (0.0ms)[0m   [0;1mSHOW KEYS FROM `contacts_contact_types`[0m
  [4;36;1mSQL (0.0ms)[0m   [0;1mSET SQL_AUTO_IS_NULL=0[0m
  [4;35;1mSQL (0.3ms)[0m   [0mSHOW TABLES[0m
  [4;36;1mSQL (0.1ms)[0m   [0;1mSELECT version FROM schema_migrations[0m
Migrating to InitialDb (20091107180012)
  [4;36;1mSQL (0.0ms)[0m   [0;1mSET SQL_AUTO_IS_NULL=0[0m
  [4;35;1mSQL (0.4ms)[0m   [0mSHOW TABLES[0m
  [4;36;1mSQL (0.1ms)[0m   [0;1mSELECT version FROM schema_migrations[0m
Migrating to InitialDb (20091107180012)
  [4;36;1mSQL (0.0ms)[0m   [0;1mSET SQL_AUTO_IS_NULL=0[0m
  [4;35;1mSQL (0.0ms)[0m   [0mSHOW TABLES[0m
  [4;36;1mSQL (0.0ms)[0m   [0;1mSELECT version FROM schema_migrations[0m
Migrating to InitialDb (20091107180012)
  [4;36;1mSQL (0.5ms)[0m   [0;1mSET SQL_AUTO_IS_NULL=0[0m
  [4;35;1mSQL (0.0ms)[0m   [0mSHOW TABLES[0m
  [4;36;1mSQL (0.0ms)[0m   [0;1mSELECT version FROM schema_migrations[0m
Migrating to InitialDb (20091107180012)
  [4;36;1mSQL (3.3ms)[0m   [0;1mSET SQL_AUTO_IS_NULL=0[0m
  [4;35;1mSQL (0.4ms)[0m   [0mSHOW TABLES[0m
  [4;36;1mSQL (0.0ms)[0m   [0;1mSELECT version FROM schema_migrations[0m
Migrating to InitialDb (20091107180012)
  [4;36;1mSQL (0.3ms)[0m   [0;1mSET SQL_AUTO_IS_NULL=0[0m
  [4;35;1mSQL (0.4ms)[0m   [0mSHOW TABLES[0m
  [4;36;1mSQL (7.7ms)[0m   [0;1mCREATE TABLE `schema_migrations` (`version` varchar(255) NOT NULL) ENGINE=InnoDB[0m
  [4;35;1mSQL (7.4ms)[0m   [0mCREATE UNIQUE INDEX `unique_schema_migrations` ON `schema_migrations` (`version`)[0m
  [4;36;1mSQL (0.4ms)[0m   [0;1mSHOW TABLES[0m
  [4;35;1mSQL (0.0ms)[0m   [0mSELECT version FROM schema_migrations[0m
Migrating to InitialDb (20091107180012)
  [4;36;1mSQL (0.0ms)[0m   [0;1mCREATE TABLE `contacts` (`id` int(11) DEFAULT NULL auto_increment PRIMARY KEY, `salutation` varchar(255), `first_name` varchar(255), `last_name` varchar(255), `address_1` varchar(255), `address_2` varchar(255), `city` varchar(255), `state` varchar(255), `zip` varchar(255), `country` varchar(255), `home_phone` varchar(255), `work_phone` varchar(255), `mobile_phone` varchar(255), `fax` varchar(255), `pager` varchar(255), `email` varchar(255), `email_preference` varchar(255), `email_status` varchar(255), `job_title` varchar(255), `company_name` varchar(255), `company_phone` varchar(255), `age` varchar(255), `gender` varchar(255), `other_skills` text, `committee_position` varchar(255), `board_position` varchar(255), `comments` text, `is_active` tinyint(1) DEFAULT 0 NOT NULL, `created_at` datetime NOT NULL, `updated_at` datetime NOT NULL) ENGINE=InnoDB[0m
  [4;35;1mSQL (2.7ms)[0m   [0mCREATE TABLE `contacts_contact_types` (`id` int(11) DEFAULT NULL auto_increment PRIMARY KEY) ENGINE=InnoDB[0m
  [4;36;1mSQL (2.8ms)[0m   [0;1mCREATE TABLE `contact_types` (`id` int(11) DEFAULT NULL auto_increment PRIMARY KEY, `description` varchar(255) NOT NULL) ENGINE=InnoDB[0m
  [4;35;1mSQL (13.0ms)[0m   [0mCREATE TABLE `houses` (`id` int(11) DEFAULT NULL auto_increment PRIMARY KEY, `ethnicity` varchar(255), `disability` varchar(255), `years_in_home` varchar(255), `is_homeowner` tinyint(1) DEFAULT 0 NOT NULL, `annual_income` varchar(255), `monthly_payments` varchar(255), `children_names_and_ages` text, `application_submitted_on` date, `is_application_complete` tinyint(1) DEFAULT 0 NOT NULL, `is_application_signed` tinyint(1) DEFAULT 0 NOT NULL, `is_proof_of_ownership` tinyint(1) DEFAULT 0 NOT NULL, `is_income_verification` tinyint(1) DEFAULT 0 NOT NULL, `is_previous_cia_application` tinyint(1) DEFAULT 0 NOT NULL, `referral_organization` varchar(255), `referral_agent` varchar(255), `area_of_town` varchar(255), `repairs_needed` text, `number_of_volunteers_needed` varchar(255), `materials_needed` text, `estimated_cost` varchar(255), `comments` text, `is_accepted` tinyint(1) DEFAULT 0 NOT NULL, `accept_letter_sent_on` date, `created_at` datetime NOT NULL, `updated_at` datetime NOT NULL) ENGINE=InnoDB[0m
  [4;36;1mSQL (16.1ms)[0m   [0;1mCREATE TABLE `projects` (`id` int(11) DEFAULT NULL auto_increment PRIMARY KEY, `project_type` varchar(255) NOT NULL, `project_name` varchar(255) NOT NULL, `cia_lead` varchar(255), `starts_on` date NOT NULL, `ends_on` date NOT NULL, `created_at` datetime NOT NULL, `updated_at` datetime NOT NULL) ENGINE=InnoDB[0m
  [4;35;1mSQL (0.4ms)[0m   [0mCREATE TABLE `contacts_skills` (`id` int(11) DEFAULT NULL auto_increment PRIMARY KEY) ENGINE=InnoDB[0m
  [4;36;1mSQL (0.0ms)[0m   [0;1mCREATE TABLE `houses_skills` (`id` int(11) DEFAULT NULL auto_increment PRIMARY KEY) ENGINE=InnoDB[0m
  [4;35;1mSQL (3.1ms)[0m   [0mCREATE TABLE `skills` (`id` int(11) DEFAULT NULL auto_increment PRIMARY KEY, `description` varchar(255) NOT NULL, `is_trade_skill` tinyint(1) DEFAULT 0 NOT NULL, `is_house_skill` tinyint(1) DEFAULT 0 NOT NULL, `is_contact_skill` tinyint(1) DEFAULT 0 NOT NULL) ENGINE=InnoDB[0m
  [4;36;1mSQL (7.7ms)[0m   [0;1mCREATE TABLE `volunteer_assignments` (`id` int(11) DEFAULT NULL auto_increment PRIMARY KEY, `is_recruited` tinyint(1) DEFAULT 0 NOT NULL, `is_confirmed` tinyint(1) DEFAULT 0 NOT NULL, `is_participated` tinyint(1) DEFAULT 0 NOT NULL, `thankyou_sent_on` date, `created_at` datetime NOT NULL, `updated_at` datetime NOT NULL) ENGINE=InnoDB[0m
  [4;35;1mSQL (0.0ms)[0m   [0mCREATE TABLE `volunteers` (`id` int(11) DEFAULT NULL auto_increment PRIMARY KEY, `group_name` varchar(255), `is_volunteer_year_round` tinyint(1) DEFAULT 0 NOT NULL, `is_volunteer_week_before_bigday` tinyint(1) DEFAULT 0 NOT NULL, `is_volunteer_on_bigday` tinyint(1) DEFAULT 0 NOT NULL, `is_volunteer_week_after_bigday` tinyint(1) DEFAULT 0 NOT NULL, `created_at` datetime NOT NULL, `updated_at` datetime NOT NULL) ENGINE=InnoDB[0m
  [4;36;1mSQL (1.1ms)[0m   [0;1mINSERT INTO schema_migrations (version) VALUES ('20091107180012')[0m
  [4;35;1mSQL (0.5ms)[0m   [0mSHOW TABLES[0m
  [4;36;1mSQL (0.0ms)[0m   [0;1mSELECT version FROM schema_migrations[0m
  [4;35;1mSQL (0.0ms)[0m   [0mSHOW TABLES[0m
  [4;36;1mSQL (2.5ms)[0m   [0;1mSHOW FIELDS FROM `contact_types`[0m
  [4;35;1mSQL (0.6ms)[0m   [0mdescribe `contact_types`[0m
  [4;36;1mSQL (0.0ms)[0m   [0;1mSHOW KEYS FROM `contact_types`[0m
  [4;35;1mSQL (2.8ms)[0m   [0mSHOW FIELDS FROM `contacts`[0m
  [4;36;1mSQL (3.5ms)[0m   [0;1mdescribe `contacts`[0m
  [4;35;1mSQL (0.0ms)[0m   [0mSHOW KEYS FROM `contacts`[0m
  [4;36;1mSQL (4.4ms)[0m   [0;1mSHOW FIELDS FROM `contacts_contact_types`[0m
  [4;35;1mSQL (0.5ms)[0m   [0mdescribe `contacts_contact_types`[0m
  [4;36;1mSQL (0.3ms)[0m   [0;1mSHOW KEYS FROM `contacts_contact_types`[0m
  [4;35;1mSQL (0.0ms)[0m   [0mSHOW FIELDS FROM `contacts_skills`[0m
  [4;36;1mSQL (0.0ms)[0m   [0;1mdescribe `contacts_skills`[0m
  [4;35;1mSQL (0.0ms)[0m   [0mSHOW KEYS FROM `contacts_skills`[0m
  [4;36;1mSQL (3.6ms)[0m   [0;1mSHOW FIELDS FROM `houses`[0m
  [4;35;1mSQL (3.2ms)[0m   [0mdescribe `houses`[0m
  [4;36;1mSQL (0.0ms)[0m   [0;1mSHOW KEYS FROM `houses`[0m
  [4;35;1mSQL (3.7ms)[0m   [0mSHOW FIELDS FROM `houses_skills`[0m
  [4;36;1mSQL (0.5ms)[0m   [0;1mdescribe `houses_skills`[0m
  [4;35;1mSQL (0.2ms)[0m   [0mSHOW KEYS FROM `houses_skills`[0m
  [4;36;1mSQL (0.0ms)[0m   [0;1mSHOW FIELDS FROM `projects`[0m
  [4;35;1mSQL (2.6ms)[0m   [0mdescribe `projects`[0m
  [4;36;1mSQL (0.4ms)[0m   [0;1mSHOW KEYS FROM `projects`[0m
  [4;35;1mSQL (0.0ms)[0m   [0mSHOW FIELDS FROM `skills`[0m
  [4;36;1mSQL (0.0ms)[0m   [0;1mdescribe `skills`[0m
  [4;35;1mSQL (0.5ms)[0m   [0mSHOW KEYS FROM `skills`[0m
  [4;36;1mSQL (0.9ms)[0m   [0;1mSHOW FIELDS FROM `volunteer_assignments`[0m
  [4;35;1mSQL (0.0ms)[0m   [0mdescribe `volunteer_assignments`[0m
  [4;36;1mSQL (2.6ms)[0m   [0;1mSHOW KEYS FROM `volunteer_assignments`[0m
  [4;35;1mSQL (1.0ms)[0m   [0mSHOW FIELDS FROM `volunteers`[0m
  [4;36;1mSQL (0.0ms)[0m   [0;1mdescribe `volunteers`[0m
  [4;35;1mSQL (2.6ms)[0m   [0mSHOW KEYS FROM `volunteers`[0m
  [4;36;1mSQL (4.4ms)[0m   [0;1mSET SQL_AUTO_IS_NULL=0[0m
  [4;35;1mSQL (0.0ms)[0m   [0mSHOW TABLES[0m
  [4;36;1mSQL (0.0ms)[0m   [0;1mSELECT version FROM schema_migrations[0m
Migrating to InitialDb (20091107180012)
Migrating to Adddefaults (20091107184838)
  [4;36;1mSQL (0.0ms)[0m   [0;1mSET SQL_AUTO_IS_NULL=0[0m
  [4;35;1mSQL (0.0ms)[0m   [0mSHOW TABLES[0m
  [4;36;1mSQL (0.2ms)[0m   [0;1mSELECT version FROM schema_migrations[0m
Migrating to InitialDb (20091107180012)
Migrating to Adddefaults (20091107184838)
  [4;36;1mSQL (0.2ms)[0m   [0;1mSET SQL_AUTO_IS_NULL=0[0m
  [4;35;1mSQL (0.0ms)[0m   [0mSHOW TABLES[0m
  [4;36;1mSQL (0.3ms)[0m   [0;1mSELECT version FROM schema_migrations[0m
Migrating to InitialDb (20091107180012)
Migrating to Adddefaults (20091107184838)
  [4;35;1mSkill Columns (3.7ms)[0m   [0mSHOW FIELDS FROM `skills`[0m
  [4;36;1mSQL (0.3ms)[0m   [0;1mBEGIN[0m
  [4;35;1mSkill Create (3.8ms)[0m   [0mINSERT INTO `skills` (`is_house_skill`, `is_contact_skill`, `is_trade_skill`, `description`) VALUES(0, 0, 1, 'Appliance Repair')[0m
  [4;36;1mSQL (7.7ms)[0m   [0;1mCOMMIT[0m
  [4;35;1mSQL (0.1ms)[0m   [0mBEGIN[0m
  [4;36;1mSkill Create (0.0ms)[0m   [0;1mINSERT INTO `skills` (`is_house_skill`, `is_contact_skill`, `is_trade_skill`, `description`) VALUES(0, 0, 1, 'Carpentry')[0m
  [4;35;1mSQL (2.9ms)[0m   [0mCOMMIT[0m
  [4;36;1mSQL (0.1ms)[0m   [0;1mBEGIN[0m
  [4;35;1mSkill Create (0.0ms)[0m   [0mINSERT INTO `skills` (`is_house_skill`, `is_contact_skill`, `is_trade_skill`, `description`) VALUES(1, 0, 0, 'Cleaning')[0m
  [4;36;1mSQL (0.0ms)[0m   [0;1mCOMMIT[0m
  [4;35;1mSQL (0.1ms)[0m   [0mBEGIN[0m
  [4;36;1mSkill Create (0.3ms)[0m   [0;1mINSERT INTO `skills` (`is_house_skill`, `is_contact_skill`, `is_trade_skill`, `description`) VALUES(0, 0, 1, 'Concrete')[0m
  [4;35;1mSQL (0.0ms)[0m   [0mCOMMIT[0m
  [4;36;1mSQL (0.0ms)[0m   [0;1mBEGIN[0m
  [4;35;1mSkill Create (0.3ms)[0m   [0mINSERT INTO `skills` (`is_house_skill`, `is_contact_skill`, `is_trade_skill`, `description`) VALUES(0, 0, 1, 'Crane Operator')[0m
  [4;36;1mSQL (0.0ms)[0m   [0;1mCOMMIT[0m
  [4;35;1mSQL (0.0ms)[0m   [0mBEGIN[0m
  [4;36;1mSkill Create (0.3ms)[0m   [0;1mINSERT INTO `skills` (`is_house_skill`, `is_contact_skill`, `is_trade_skill`, `description`) VALUES(0, 0, 1, 'Drywall')[0m
  [4;35;1mSQL (0.0ms)[0m   [0mCOMMIT[0m
  [4;36;1mSQL (0.0ms)[0m   [0;1mBEGIN[0m
  [4;35;1mSkill Create (2.7ms)[0m   [0mINSERT INTO `skills` (`is_house_skill`, `is_contact_skill`, `is_trade_skill`, `description`) VALUES(0, 0, 1, 'Electrical')[0m
  [4;36;1mSQL (0.6ms)[0m   [0;1mCOMMIT[0m
  [4;35;1mSQL (0.0ms)[0m   [0mBEGIN[0m
  [4;36;1mSkill Create (0.0ms)[0m   [0;1mINSERT INTO `skills` (`is_house_skill`, `is_contact_skill`, `is_trade_skill`, `description`) VALUES(0, 0, 1, 'Flooring')[0m
  [4;35;1mSQL (3.0ms)[0m   [0mCOMMIT[0m
  [4;36;1mSQL (0.1ms)[0m   [0;1mBEGIN[0m
  [4;35;1mSkill Create (0.0ms)[0m   [0mINSERT INTO `skills` (`is_house_skill`, `is_contact_skill`, `is_trade_skill`, `description`) VALUES(0, 0, 1, 'Foundation')[0m
  [4;36;1mSQL (3.0ms)[0m   [0;1mCOMMIT[0m
  [4;35;1mSQL (0.1ms)[0m   [0mBEGIN[0m
  [4;36;1mSkill Create (0.0ms)[0m   [0;1mINSERT INTO `skills` (`is_house_skill`, `is_contact_skill`, `is_trade_skill`, `description`) VALUES(0, 0, 1, 'Gas')[0m
  [4;35;1mSQL (0.0ms)[0m   [0mCOMMIT[0m
  [4;36;1mSQL (0.1ms)[0m   [0;1mBEGIN[0m
  [4;35;1mSkill Create (0.0ms)[0m   [0mINSERT INTO `skills` (`is_house_skill`, `is_contact_skill`, `is_trade_skill`, `description`) VALUES(0, 0, 1, 'Glazing')[0m
  [4;36;1mSQL (0.0ms)[0m   [0;1mCOMMIT[0m
  [4;35;1mSQL (0.1ms)[0m   [0mBEGIN[0m
  [4;36;1mSkill Create (0.0ms)[0m   [0;1mINSERT INTO `skills` (`is_house_skill`, `is_contact_skill`, `is_trade_skill`, `description`) VALUES(1, 0, 0, 'Hauling')[0m
  [4;35;1mSQL (0.0ms)[0m   [0mCOMMIT[0m
  [4;36;1mSQL (0.1ms)[0m   [0;1mBEGIN[0m
  [4;35;1mSkill Create (0.0ms)[0m   [0mINSERT INTO `skills` (`is_house_skill`, `is_contact_skill`, `is_trade_skill`, `description`) VALUES(0, 0, 1, 'Heat/AC')[0m
  [4;36;1mSQL (0.0ms)[0m   [0;1mCOMMIT[0m
  [4;35;1mSQL (0.0ms)[0m   [0mBEGIN[0m
  [4;36;1mSkill Create (0.7ms)[0m   [0;1mINSERT INTO `skills` (`is_house_skill`, `is_contact_skill`, `is_trade_skill`, `description`) VALUES(0, 0, 1, 'Insulation')[0m
  [4;35;1mSQL (0.0ms)[0m   [0mCOMMIT[0m
  [4;36;1mSQL (0.0ms)[0m   [0;1mBEGIN[0m
  [4;35;1mSkill Create (0.0ms)[0m   [0mINSERT INTO `skills` (`is_house_skill`, `is_contact_skill`, `is_trade_skill`, `description`) VALUES(0, 0, 1, 'Masonry')[0m
  [4;36;1mSQL (1.0ms)[0m   [0;1mCOMMIT[0m
  [4;35;1mSQL (0.1ms)[0m   [0mBEGIN[0m
  [4;36;1mSkill Create (0.0ms)[0m   [0;1mINSERT INTO `skills` (`is_house_skill`, `is_contact_skill`, `is_trade_skill`, `description`) VALUES(0, 0, 1, 'Painting')[0m
  [4;35;1mSQL (0.0ms)[0m   [0mCOMMIT[0m
  [4;36;1mSQL (0.2ms)[0m   [0;1mBEGIN[0m
  [4;35;1mSkill Create (0.0ms)[0m   [0mINSERT INTO `skills` (`is_house_skill`, `is_contact_skill`, `is_trade_skill`, `description`) VALUES(0, 0, 1, 'Pest Control')[0m
  [4;36;1mSQL (0.0ms)[0m   [0;1mCOMMIT[0m
  [4;35;1mSQL (0.0ms)[0m   [0mBEGIN[0m
  [4;36;1mSkill Create (0.3ms)[0m   [0;1mINSERT INTO `skills` (`is_house_skill`, `is_contact_skill`, `is_trade_skill`, `description`) VALUES(0, 0, 1, 'Plumbing')[0m
  [4;35;1mSQL (0.0ms)[0m   [0mCOMMIT[0m
  [4;36;1mSQL (0.0ms)[0m   [0;1mBEGIN[0m
  [4;35;1mSkill Create (0.4ms)[0m   [0mINSERT INTO `skills` (`is_house_skill`, `is_contact_skill`, `is_trade_skill`, `description`) VALUES(0, 0, 1, 'Roofing')[0m
  [4;36;1mSQL (0.0ms)[0m   [0;1mCOMMIT[0m
  [4;35;1mSQL (0.0ms)[0m   [0mBEGIN[0m
  [4;36;1mSkill Create (2.9ms)[0m   [0;1mINSERT INTO `skills` (`is_house_skill`, `is_contact_skill`, `is_trade_skill`, `description`) VALUES(0, 0, 1, 'Scaffolding')[0m
  [4;35;1mSQL (0.7ms)[0m   [0mCOMMIT[0m
  [4;36;1mSQL (0.0ms)[0m   [0;1mBEGIN[0m
  [4;35;1mSkill Create (0.0ms)[0m   [0mINSERT INTO `skills` (`is_house_skill`, `is_contact_skill`, `is_trade_skill`, `description`) VALUES(1, 0, 0, 'Scraping')[0m
  [4;36;1mSQL (2.5ms)[0m   [0;1mCOMMIT[0m
  [4;35;1mSQL (0.1ms)[0m   [0mBEGIN[0m
  [4;36;1mSkill Create (0.0ms)[0m   [0;1mINSERT INTO `skills` (`is_house_skill`, `is_contact_skill`, `is_trade_skill`, `description`) VALUES(0, 0, 1, 'Sheet Rock')[0m
  [4;35;1mSQL (0.0ms)[0m   [0mCOMMIT[0m
  [4;36;1mSQL (0.1ms)[0m   [0;1mBEGIN[0m
  [4;35;1mSkill Create (0.0ms)[0m   [0mINSERT INTO `skills` (`is_house_skill`, `is_contact_skill`, `is_trade_skill`, `description`) VALUES(0, 0, 1, 'Tile')[0m
  [4;36;1mSQL (0.0ms)[0m   [0;1mCOMMIT[0m
  [4;35;1mSQL (0.0ms)[0m   [0mBEGIN[0m
  [4;36;1mSkill Create (0.3ms)[0m   [0;1mINSERT INTO `skills` (`is_house_skill`, `is_contact_skill`, `is_trade_skill`, `description`) VALUES(1, 0, 0, 'Trash')[0m
  [4;35;1mSQL (0.0ms)[0m   [0mCOMMIT[0m
  [4;36;1mSQL (0.0ms)[0m   [0;1mBEGIN[0m
  [4;35;1mSkill Create (0.4ms)[0m   [0mINSERT INTO `skills` (`is_house_skill`, `is_contact_skill`, `is_trade_skill`, `description`) VALUES(0, 0, 1, 'Welding')[0m
  [4;36;1mSQL (0.7ms)[0m   [0;1mCOMMIT[0m
  [4;35;1mSQL (0.0ms)[0m   [0mBEGIN[0m
  [4;36;1mSkill Create (0.0ms)[0m   [0;1mINSERT INTO `skills` (`is_house_skill`, `is_contact_skill`, `is_trade_skill`, `description`) VALUES(1, 0, 0, 'Yard Work')[0m
  [4;35;1mSQL (0.7ms)[0m   [0mCOMMIT[0m
  [4;36;1mSQL (0.1ms)[0m   [0;1mBEGIN[0m
  [4;35;1mSkill Create (0.0ms)[0m   [0mINSERT INTO `skills` (`is_house_skill`, `is_contact_skill`, `is_trade_skill`, `description`) VALUES(1, 0, 0, 'Waste Management')[0m
  [4;36;1mSQL (2.8ms)[0m   [0;1mCOMMIT[0m
  [4;35;1mSQL (0.1ms)[0m   [0mBEGIN[0m
  [4;36;1mSkill Create (0.0ms)[0m   [0;1mINSERT INTO `skills` (`is_house_skill`, `is_contact_skill`, `is_trade_skill`, `description`) VALUES(0, 1, 0, 'Organizing')[0m
  [4;35;1mSQL (0.0ms)[0m   [0mCOMMIT[0m
  [4;36;1mSQL (0.1ms)[0m   [0;1mBEGIN[0m
  [4;35;1mSkill Create (0.0ms)[0m   [0mINSERT INTO `skills` (`is_house_skill`, `is_contact_skill`, `is_trade_skill`, `description`) VALUES(0, 1, 0, 'Public Relations')[0m
  [4;36;1mSQL (0.0ms)[0m   [0;1mCOMMIT[0m
  [4;35;1mSQL (0.0ms)[0m   [0mBEGIN[0m
  [4;36;1mSkill Create (0.5ms)[0m   [0;1mINSERT INTO `skills` (`is_house_skill`, `is_contact_skill`, `is_trade_skill`, `description`) VALUES(0, 1, 0, 'Community Outreach')[0m
  [4;35;1mSQL (0.0ms)[0m   [0mCOMMIT[0m
  [4;36;1mSQL (0.0ms)[0m   [0;1mBEGIN[0m
  [4;35;1mSkill Create (0.4ms)[0m   [0mINSERT INTO `skills` (`is_house_skill`, `is_contact_skill`, `is_trade_skill`, `description`) VALUES(0, 1, 0, 'Special Events / Fundraising')[0m
  [4;36;1mSQL (0.0ms)[0m   [0;1mCOMMIT[0m
  [4;35;1mSQL (0.0ms)[0m   [0mBEGIN[0m
  [4;36;1mSkill Create (0.0ms)[0m   [0;1mINSERT INTO `skills` (`is_house_skill`, `is_contact_skill`, `is_trade_skill`, `description`) VALUES(0, 1, 0, 'Publicity')[0m
  [4;35;1mSQL (0.7ms)[0m   [0mCOMMIT[0m
  [4;36;1mSQL (0.1ms)[0m   [0;1mBEGIN[0m
  [4;35;1mSkill Create (0.0ms)[0m   [0mINSERT INTO `skills` (`is_house_skill`, `is_contact_skill`, `is_trade_skill`, `description`) VALUES(0, 1, 0, 'Data Entry')[0m
  [4;36;1mSQL (2.4ms)[0m   [0;1mCOMMIT[0m
  [4;35;1mContactType Columns (0.0ms)[0m   [0mSHOW FIELDS FROM `contact_types`[0m
  [4;36;1mSQL (0.0ms)[0m   [0;1mBEGIN[0m
  [4;35;1mContactType Create (0.4ms)[0m   [0mINSERT INTO `contact_types` (`description`) VALUES('Normal Volunteer')[0m
  [4;36;1mSQL (0.0ms)[0m   [0;1mCOMMIT[0m
  [4;35;1mSQL (0.0ms)[0m   [0mBEGIN[0m
  [4;36;1mContactType Create (2.8ms)[0m   [0;1mINSERT INTO `contact_types` (`description`) VALUES('Skilled Trade Volunteer')[0m
  [4;35;1mSQL (0.7ms)[0m   [0mCOMMIT[0m
  [4;36;1mSQL (0.0ms)[0m   [0;1mBEGIN[0m
  [4;35;1mContactType Create (0.0ms)[0m   [0mINSERT INTO `contact_types` (`description`) VALUES('Office Volunteer')[0m
  [4;36;1mSQL (0.0ms)[0m   [0;1mCOMMIT[0m
  [4;35;1mSQL (0.2ms)[0m   [0mBEGIN[0m
  [4;36;1mContactType Create (0.0ms)[0m   [0;1mINSERT INTO `contact_types` (`description`) VALUES('Money Contributor')[0m
  [4;35;1mSQL (0.0ms)[0m   [0mCOMMIT[0m
  [4;36;1mSQL (0.0ms)[0m   [0;1mBEGIN[0m
  [4;35;1mContactType Create (0.5ms)[0m   [0mINSERT INTO `contact_types` (`description`) VALUES('In-Kind Contributor')[0m
  [4;36;1mSQL (0.6ms)[0m   [0;1mCOMMIT[0m
  [4;35;1mSQL (0.0ms)[0m   [0mBEGIN[0m
  [4;36;1mContactType Create (0.0ms)[0m   [0;1mINSERT INTO `contact_types` (`description`) VALUES('House Sponsor')[0m
  [4;35;1mSQL (2.7ms)[0m   [0mCOMMIT[0m
  [4;36;1mSQL (0.1ms)[0m   [0;1mBEGIN[0m
  [4;35;1mContactType Create (0.0ms)[0m   [0mINSERT INTO `contact_types` (`description`) VALUES('Homeowner')[0m
  [4;36;1mSQL (0.0ms)[0m   [0;1mCOMMIT[0m
  [4;35;1mSQL (0.0ms)[0m   [0mBEGIN[0m
  [4;36;1mContactType Create (0.3ms)[0m   [0;1mINSERT INTO `contact_types` (`description`) VALUES('Board Member')[0m
  [4;35;1mSQL (0.0ms)[0m   [0mCOMMIT[0m
  [4;36;1mSQL (0.0ms)[0m   [0;1mBEGIN[0m
  [4;35;1mContactType Create (0.0ms)[0m   [0mINSERT INTO `contact_types` (`description`) VALUES('Committee Member')[0m
  [4;36;1mSQL (0.7ms)[0m   [0;1mCOMMIT[0m
  [4;35;1mSQL (0.0ms)[0m   [0mINSERT INTO schema_migrations (version) VALUES ('20091107184838')[0m
Migrating to CreateSkills (20091107190539)
  [4;36;1mSQL (0.0ms)[0m   [0;1mMysql::Error: Table 'skills' already exists: CREATE TABLE `skills` (`id` int(11) DEFAULT NULL auto_increment PRIMARY KEY, `created_at` datetime, `updated_at` datetime) ENGINE=InnoDB[0m
  [4;36;1mSQL (0.2ms)[0m   [0;1mSET SQL_AUTO_IS_NULL=0[0m
  [4;35;1mSQL (0.0ms)[0m   [0mSHOW TABLES[0m
  [4;36;1mSQL (9.9ms)[0m   [0;1mCREATE TABLE `schema_migrations` (`version` varchar(255) NOT NULL) ENGINE=InnoDB[0m
  [4;35;1mSQL (8.4ms)[0m   [0mCREATE UNIQUE INDEX `unique_schema_migrations` ON `schema_migrations` (`version`)[0m
  [4;36;1mSQL (4.0ms)[0m   [0;1mSHOW TABLES[0m
  [4;35;1mSQL (0.0ms)[0m   [0mSELECT version FROM schema_migrations[0m
Migrating to InitialDb (20091107180012)
  [4;36;1mSQL (3.3ms)[0m   [0;1mCREATE TABLE `contacts` (`id` int(11) DEFAULT NULL auto_increment PRIMARY KEY, `salutation` varchar(255), `first_name` varchar(255), `last_name` varchar(255), `address_1` varchar(255), `address_2` varchar(255), `city` varchar(255), `state` varchar(255), `zip` varchar(255), `country` varchar(255), `home_phone` varchar(255), `work_phone` varchar(255), `mobile_phone` varchar(255), `fax` varchar(255), `pager` varchar(255), `email` varchar(255), `email_preference` varchar(255), `email_status` varchar(255), `job_title` varchar(255), `company_name` varchar(255), `company_phone` varchar(255), `age` varchar(255), `gender` varchar(255), `other_skills` text, `committee_position` varchar(255), `board_position` varchar(255), `comments` text, `is_active` tinyint(1) DEFAULT 0 NOT NULL, `created_at` datetime NOT NULL, `updated_at` datetime NOT NULL) ENGINE=InnoDB[0m
  [4;35;1mSQL (0.0ms)[0m   [0mCREATE TABLE `contact_contact_types` (`id` int(11) DEFAULT NULL auto_increment PRIMARY KEY) ENGINE=InnoDB[0m
  [4;36;1mSQL (0.0ms)[0m   [0;1mCREATE TABLE `contact_types` (`id` int(11) DEFAULT NULL auto_increment PRIMARY KEY, `description` varchar(255) NOT NULL) ENGINE=InnoDB[0m
  [4;35;1mSQL (4.7ms)[0m   [0mCREATE TABLE `houses` (`id` int(11) DEFAULT NULL auto_increment PRIMARY KEY, `ethnicity` varchar(255), `disability` varchar(255), `years_in_home` varchar(255), `is_homeowner` tinyint(1) DEFAULT 0 NOT NULL, `annual_income` varchar(255), `monthly_payments` varchar(255), `children_names_and_ages` text, `application_submitted_on` date, `is_application_complete` tinyint(1) DEFAULT 0 NOT NULL, `is_application_signed` tinyint(1) DEFAULT 0 NOT NULL, `is_proof_of_ownership` tinyint(1) DEFAULT 0 NOT NULL, `is_income_verification` tinyint(1) DEFAULT 0 NOT NULL, `is_previous_cia_application` tinyint(1) DEFAULT 0 NOT NULL, `referral_organization` varchar(255), `referral_agent` varchar(255), `area_of_town` varchar(255), `repairs_needed` text, `number_of_volunteers_needed` varchar(255), `materials_needed` text, `estimated_cost` varchar(255), `comments` text, `is_accepted` tinyint(1) DEFAULT 0 NOT NULL, `accept_letter_sent_on` date, `created_at` datetime NOT NULL, `updated_at` datetime NOT NULL) ENGINE=InnoDB[0m
  [4;36;1mSQL (6.7ms)[0m   [0;1mCREATE TABLE `projects` (`id` int(11) DEFAULT NULL auto_increment PRIMARY KEY, `project_type` varchar(255) NOT NULL, `project_name` varchar(255) NOT NULL, `cia_lead` varchar(255), `starts_on` date NOT NULL, `ends_on` date NOT NULL, `created_at` datetime NOT NULL, `updated_at` datetime NOT NULL) ENGINE=InnoDB[0m
  [4;35;1mSQL (5.5ms)[0m   [0mCREATE TABLE `contact_skills` (`id` int(11) DEFAULT NULL auto_increment PRIMARY KEY) ENGINE=InnoDB[0m
  [4;36;1mSQL (5.3ms)[0m   [0;1mCREATE TABLE `houses_skills` (`id` int(11) DEFAULT NULL auto_increment PRIMARY KEY) ENGINE=InnoDB[0m
  [4;35;1mSQL (3.0ms)[0m   [0mCREATE TABLE `skills` (`id` int(11) DEFAULT NULL auto_increment PRIMARY KEY, `description` varchar(255) NOT NULL, `is_trade_skill` tinyint(1) DEFAULT 0 NOT NULL, `is_house_skill` tinyint(1) DEFAULT 0 NOT NULL, `is_contact_skill` tinyint(1) DEFAULT 0 NOT NULL) ENGINE=InnoDB[0m
  [4;36;1mSQL (3.7ms)[0m   [0;1mCREATE TABLE `assignments` (`id` int(11) DEFAULT NULL auto_increment PRIMARY KEY, `is_recruited` tinyint(1) DEFAULT 0 NOT NULL, `is_confirmed` tinyint(1) DEFAULT 0 NOT NULL, `is_participated` tinyint(1) DEFAULT 0 NOT NULL, `thankyou_sent_on` date, `created_at` datetime NOT NULL, `updated_at` datetime NOT NULL) ENGINE=InnoDB[0m
  [4;35;1mSQL (0.0ms)[0m   [0mCREATE TABLE `volunteer_groups` (`id` int(11) DEFAULT NULL auto_increment PRIMARY KEY, `group_name` varchar(255), `is_volunteer_year_round` tinyint(1) DEFAULT 0 NOT NULL, `is_volunteer_week_before_bigday` tinyint(1) DEFAULT 0 NOT NULL, `is_volunteer_on_bigday` tinyint(1) DEFAULT 0 NOT NULL, `is_volunteer_week_after_bigday` tinyint(1) DEFAULT 0 NOT NULL, `created_at` datetime NOT NULL, `updated_at` datetime NOT NULL) ENGINE=InnoDB[0m
  [4;36;1mSQL (0.0ms)[0m   [0;1mINSERT INTO schema_migrations (version) VALUES ('20091107180012')[0m
Migrating to Adddefaults (20091107184838)
  [4;35;1mSkill Columns (0.0ms)[0m   [0mSHOW FIELDS FROM `skills`[0m
  [4;36;1mSQL (0.2ms)[0m   [0;1mBEGIN[0m
  [4;35;1mSkill Create (0.4ms)[0m   [0mINSERT INTO `skills` (`is_house_skill`, `is_contact_skill`, `is_trade_skill`, `description`) VALUES(0, 0, 1, 'Appliance Repair')[0m
  [4;36;1mSQL (0.0ms)[0m   [0;1mCOMMIT[0m
  [4;35;1mSQL (0.0ms)[0m   [0mBEGIN[0m
  [4;36;1mSkill Create (2.9ms)[0m   [0;1mINSERT INTO `skills` (`is_house_skill`, `is_contact_skill`, `is_trade_skill`, `description`) VALUES(0, 0, 1, 'Carpentry')[0m
  [4;35;1mSQL (1.0ms)[0m   [0mCOMMIT[0m
  [4;36;1mSQL (0.0ms)[0m   [0;1mBEGIN[0m
  [4;35;1mSkill Create (0.0ms)[0m   [0mINSERT INTO `skills` (`is_house_skill`, `is_contact_skill`, `is_trade_skill`, `description`) VALUES(1, 0, 0, 'Cleaning')[0m
  [4;36;1mSQL (3.0ms)[0m   [0;1mCOMMIT[0m
  [4;35;1mSQL (0.1ms)[0m   [0mBEGIN[0m
  [4;36;1mSkill Create (0.0ms)[0m   [0;1mINSERT INTO `skills` (`is_house_skill`, `is_contact_skill`, `is_trade_skill`, `description`) VALUES(0, 0, 1, 'Concrete')[0m
  [4;35;1mSQL (0.0ms)[0m   [0mCOMMIT[0m
  [4;36;1mSQL (2.7ms)[0m   [0;1mBEGIN[0m
  [4;35;1mSkill Create (0.2ms)[0m   [0mINSERT INTO `skills` (`is_house_skill`, `is_contact_skill`, `is_trade_skill`, `description`) VALUES(0, 0, 1, 'Crane Operator')[0m
  [4;36;1mSQL (0.0ms)[0m   [0;1mCOMMIT[0m
  [4;35;1mSQL (0.0ms)[0m   [0mBEGIN[0m
  [4;36;1mSkill Create (0.4ms)[0m   [0;1mINSERT INTO `skills` (`is_house_skill`, `is_contact_skill`, `is_trade_skill`, `description`) VALUES(0, 0, 1, 'Drywall')[0m
  [4;35;1mSQL (0.7ms)[0m   [0mCOMMIT[0m
  [4;36;1mSQL (0.0ms)[0m   [0;1mBEGIN[0m
  [4;35;1mSkill Create (0.0ms)[0m   [0mINSERT INTO `skills` (`is_house_skill`, `is_contact_skill`, `is_trade_skill`, `description`) VALUES(0, 0, 1, 'Electrical')[0m
  [4;36;1mSQL (2.9ms)[0m   [0;1mCOMMIT[0m
  [4;35;1mSQL (0.1ms)[0m   [0mBEGIN[0m
  [4;36;1mSkill Create (0.0ms)[0m   [0;1mINSERT INTO `skills` (`is_house_skill`, `is_contact_skill`, `is_trade_skill`, `description`) VALUES(0, 0, 1, 'Flooring')[0m
  [4;35;1mSQL (0.0ms)[0m   [0mCOMMIT[0m
  [4;36;1mSQL (0.0ms)[0m   [0;1mBEGIN[0m
  [4;35;1mSkill Create (0.2ms)[0m   [0mINSERT INTO `skills` (`is_house_skill`, `is_contact_skill`, `is_trade_skill`, `description`) VALUES(0, 0, 1, 'Foundation')[0m
  [4;36;1mSQL (0.0ms)[0m   [0;1mCOMMIT[0m
  [4;35;1mSQL (0.0ms)[0m   [0mBEGIN[0m
  [4;36;1mSkill Create (2.7ms)[0m   [0;1mINSERT INTO `skills` (`is_house_skill`, `is_contact_skill`, `is_trade_skill`, `description`) VALUES(0, 0, 1, 'Gas')[0m
  [4;35;1mSQL (0.7ms)[0m   [0mCOMMIT[0m
  [4;36;1mSQL (0.0ms)[0m   [0;1mBEGIN[0m
  [4;35;1mSkill Create (0.0ms)[0m   [0mINSERT INTO `skills` (`is_house_skill`, `is_contact_skill`, `is_trade_skill`, `description`) VALUES(0, 0, 1, 'Glazing')[0m
  [4;36;1mSQL (2.5ms)[0m   [0;1mCOMMIT[0m
  [4;35;1mSQL (0.1ms)[0m   [0mBEGIN[0m
  [4;36;1mSkill Create (0.0ms)[0m   [0;1mINSERT INTO `skills` (`is_house_skill`, `is_contact_skill`, `is_trade_skill`, `description`) VALUES(1, 0, 0, 'Hauling')[0m
  [4;35;1mSQL (0.0ms)[0m   [0mCOMMIT[0m
  [4;36;1mSQL (0.0ms)[0m   [0;1mBEGIN[0m
  [4;35;1mSkill Create (0.2ms)[0m   [0mINSERT INTO `skills` (`is_house_skill`, `is_contact_skill`, `is_trade_skill`, `description`) VALUES(0, 0, 1, 'Heat/AC')[0m
  [4;36;1mSQL (0.0ms)[0m   [0;1mCOMMIT[0m
  [4;35;1mSQL (0.0ms)[0m   [0mBEGIN[0m
  [4;36;1mSkill Create (2.8ms)[0m   [0;1mINSERT INTO `skills` (`is_house_skill`, `is_contact_skill`, `is_trade_skill`, `description`) VALUES(0, 0, 1, 'Insulation')[0m
  [4;35;1mSQL (0.7ms)[0m   [0mCOMMIT[0m
  [4;36;1mSQL (0.1ms)[0m   [0;1mBEGIN[0m
  [4;35;1mSkill Create (0.0ms)[0m   [0mINSERT INTO `skills` (`is_house_skill`, `is_contact_skill`, `is_trade_skill`, `description`) VALUES(0, 0, 1, 'Masonry')[0m
  [4;36;1mSQL (0.0ms)[0m   [0;1mCOMMIT[0m
  [4;35;1mSQL (0.1ms)[0m   [0mBEGIN[0m
  [4;36;1mSkill Create (0.0ms)[0m   [0;1mINSERT INTO `skills` (`is_house_skill`, `is_contact_skill`, `is_trade_skill`, `description`) VALUES(0, 0, 1, 'Painting')[0m
  [4;35;1mSQL (0.0ms)[0m   [0mCOMMIT[0m
  [4;36;1mSQL (0.0ms)[0m   [0;1mBEGIN[0m
  [4;35;1mSkill Create (0.3ms)[0m   [0mINSERT INTO `skills` (`is_house_skill`, `is_contact_skill`, `is_trade_skill`, `description`) VALUES(0, 0, 1, 'Pest Control')[0m
  [4;36;1mSQL (0.0ms)[0m   [0;1mCOMMIT[0m
  [4;35;1mSQL (0.0ms)[0m   [0mBEGIN[0m
  [4;36;1mSkill Create (0.2ms)[0m   [0;1mINSERT INTO `skills` (`is_house_skill`, `is_contact_skill`, `is_trade_skill`, `description`) VALUES(0, 0, 1, 'Plumbing')[0m
  [4;35;1mSQL (3.8ms)[0m   [0mCOMMIT[0m
  [4;36;1mSQL (0.0ms)[0m   [0;1mBEGIN[0m
  [4;35;1mSkill Create (0.0ms)[0m   [0mINSERT INTO `skills` (`is_house_skill`, `is_contact_skill`, `is_trade_skill`, `description`) VALUES(0, 0, 1, 'Roofing')[0m
  [4;36;1mSQL (2.8ms)[0m   [0;1mCOMMIT[0m
  [4;35;1mSQL (0.1ms)[0m   [0mBEGIN[0m
  [4;36;1mSkill Create (0.0ms)[0m   [0;1mINSERT INTO `skills` (`is_house_skill`, `is_contact_skill`, `is_trade_skill`, `description`) VALUES(0, 0, 1, 'Scaffolding')[0m
  [4;35;1mSQL (0.0ms)[0m   [0mCOMMIT[0m
  [4;36;1mSQL (0.0ms)[0m   [0;1mBEGIN[0m
  [4;35;1mSkill Create (0.2ms)[0m   [0mINSERT INTO `skills` (`is_house_skill`, `is_contact_skill`, `is_trade_skill`, `description`) VALUES(1, 0, 0, 'Scraping')[0m
  [4;36;1mSQL (0.0ms)[0m   [0;1mCOMMIT[0m
  [4;35;1mSQL (0.0ms)[0m   [0mBEGIN[0m
  [4;36;1mSkill Create (0.0ms)[0m   [0;1mINSERT INTO `skills` (`is_house_skill`, `is_contact_skill`, `is_trade_skill`, `description`) VALUES(0, 0, 1, 'Sheet Rock')[0m
  [4;35;1mSQL (1.1ms)[0m   [0mCOMMIT[0m
  [4;36;1mSQL (0.0ms)[0m   [0;1mBEGIN[0m
  [4;35;1mSkill Create (0.0ms)[0m   [0mINSERT INTO `skills` (`is_house_skill`, `is_contact_skill`, `is_trade_skill`, `description`) VALUES(0, 0, 1, 'Tile')[0m
  [4;36;1mSQL (3.1ms)[0m   [0;1mCOMMIT[0m
  [4;35;1mSQL (0.1ms)[0m   [0mBEGIN[0m
  [4;36;1mSkill Create (0.0ms)[0m   [0;1mINSERT INTO `skills` (`is_house_skill`, `is_contact_skill`, `is_trade_skill`, `description`) VALUES(1, 0, 0, 'Trash')[0m
  [4;35;1mSQL (0.0ms)[0m   [0mCOMMIT[0m
  [4;36;1mSQL (0.0ms)[0m   [0;1mBEGIN[0m
  [4;35;1mSkill Create (0.2ms)[0m   [0mINSERT INTO `skills` (`is_house_skill`, `is_contact_skill`, `is_trade_skill`, `description`) VALUES(0, 0, 1, 'Welding')[0m
  [4;36;1mSQL (2.9ms)[0m   [0;1mCOMMIT[0m
  [4;35;1mSQL (0.1ms)[0m   [0mBEGIN[0m
  [4;36;1mSkill Create (0.0ms)[0m   [0;1mINSERT INTO `skills` (`is_house_skill`, `is_contact_skill`, `is_trade_skill`, `description`) VALUES(1, 0, 0, 'Yard Work')[0m
  [4;35;1mSQL (0.0ms)[0m   [0mCOMMIT[0m
  [4;36;1mSQL (0.0ms)[0m   [0;1mBEGIN[0m
  [4;35;1mSkill Create (0.2ms)[0m   [0mINSERT INTO `skills` (`is_house_skill`, `is_contact_skill`, `is_trade_skill`, `description`) VALUES(1, 0, 0, 'Waste Management')[0m
  [4;36;1mSQL (0.0ms)[0m   [0;1mCOMMIT[0m
  [4;35;1mSQL (0.0ms)[0m   [0mBEGIN[0m
  [4;36;1mSkill Create (2.5ms)[0m   [0;1mINSERT INTO `skills` (`is_house_skill`, `is_contact_skill`, `is_trade_skill`, `description`) VALUES(0, 1, 0, 'Organizing')[0m
  [4;35;1mSQL (0.7ms)[0m   [0mCOMMIT[0m
  [4;36;1mSQL (0.0ms)[0m   [0;1mBEGIN[0m
  [4;35;1mSkill Create (0.0ms)[0m   [0mINSERT INTO `skills` (`is_house_skill`, `is_contact_skill`, `is_trade_skill`, `description`) VALUES(0, 1, 0, 'Public Relations')[0m
  [4;36;1mSQL (2.4ms)[0m   [0;1mCOMMIT[0m
  [4;35;1mSQL (0.1ms)[0m   [0mBEGIN[0m
  [4;36;1mSkill Create (0.0ms)[0m   [0;1mINSERT INTO `skills` (`is_house_skill`, `is_contact_skill`, `is_trade_skill`, `description`) VALUES(0, 1, 0, 'Community Outreach')[0m
  [4;35;1mSQL (0.0ms)[0m   [0mCOMMIT[0m
  [4;36;1mSQL (0.0ms)[0m   [0;1mBEGIN[0m
  [4;35;1mSkill Create (0.2ms)[0m   [0mINSERT INTO `skills` (`is_house_skill`, `is_contact_skill`, `is_trade_skill`, `description`) VALUES(0, 1, 0, 'Special Events / Fundraising')[0m
  [4;36;1mSQL (0.0ms)[0m   [0;1mCOMMIT[0m
  [4;35;1mSQL (0.0ms)[0m   [0mBEGIN[0m
  [4;36;1mSkill Create (0.2ms)[0m   [0;1mINSERT INTO `skills` (`is_house_skill`, `is_contact_skill`, `is_trade_skill`, `description`) VALUES(0, 1, 0, 'Publicity')[0m
  [4;35;1mSQL (0.7ms)[0m   [0mCOMMIT[0m
  [4;36;1mSQL (0.0ms)[0m   [0;1mBEGIN[0m
  [4;35;1mSkill Create (0.0ms)[0m   [0mINSERT INTO `skills` (`is_house_skill`, `is_contact_skill`, `is_trade_skill`, `description`) VALUES(0, 1, 0, 'Data Entry')[0m
  [4;36;1mSQL (2.8ms)[0m   [0;1mCOMMIT[0m
  [4;35;1mContactType Columns (0.1ms)[0m   [0mSHOW FIELDS FROM `contact_types`[0m
  [4;36;1mSQL (0.0ms)[0m   [0;1mBEGIN[0m
  [4;35;1mContactType Create (0.3ms)[0m   [0mINSERT INTO `contact_types` (`description`) VALUES('Normal Volunteer')[0m
  [4;36;1mSQL (0.0ms)[0m   [0;1mCOMMIT[0m
  [4;35;1mSQL (0.0ms)[0m   [0mBEGIN[0m
  [4;36;1mContactType Create (0.0ms)[0m   [0;1mINSERT INTO `contact_types` (`description`) VALUES('Skilled Trade Volunteer')[0m
  [4;35;1mSQL (3.3ms)[0m   [0mCOMMIT[0m
  [4;36;1mSQL (0.1ms)[0m   [0;1mBEGIN[0m
  [4;35;1mContactType Create (0.0ms)[0m   [0mINSERT INTO `contact_types` (`description`) VALUES('Office Volunteer')[0m
  [4;36;1mSQL (0.0ms)[0m   [0;1mCOMMIT[0m
  [4;35;1mSQL (0.0ms)[0m   [0mBEGIN[0m
  [4;36;1mContactType Create (0.2ms)[0m   [0;1mINSERT INTO `contact_types` (`description`) VALUES('Money Contributor')[0m
  [4;35;1mSQL (0.7ms)[0m   [0mCOMMIT[0m
  [4;36;1mSQL (0.0ms)[0m   [0;1mBEGIN[0m
  [4;35;1mContactType Create (0.0ms)[0m   [0mINSERT INTO `contact_types` (`description`) VALUES('In-Kind Contributor')[0m
  [4;36;1mSQL (2.5ms)[0m   [0;1mCOMMIT[0m
  [4;35;1mSQL (0.1ms)[0m   [0mBEGIN[0m
  [4;36;1mContactType Create (0.2ms)[0m   [0;1mINSERT INTO `contact_types` (`description`) VALUES('House Sponsor')[0m
  [4;35;1mSQL (0.0ms)[0m   [0mCOMMIT[0m
  [4;36;1mSQL (0.0ms)[0m   [0;1mBEGIN[0m
  [4;35;1mContactType Create (2.4ms)[0m   [0mINSERT INTO `contact_types` (`description`) VALUES('Homeowner')[0m
  [4;36;1mSQL (0.6ms)[0m   [0;1mCOMMIT[0m
  [4;35;1mSQL (0.1ms)[0m   [0mBEGIN[0m
  [4;36;1mContactType Create (0.0ms)[0m   [0;1mINSERT INTO `contact_types` (`description`) VALUES('Board Member')[0m
  [4;35;1mSQL (0.0ms)[0m   [0mCOMMIT[0m
  [4;36;1mSQL (2.5ms)[0m   [0;1mBEGIN[0m
  [4;35;1mContactType Create (0.2ms)[0m   [0mINSERT INTO `contact_types` (`description`) VALUES('Committee Member')[0m
  [4;36;1mSQL (0.0ms)[0m   [0;1mCOMMIT[0m
  [4;35;1mSQL (0.0ms)[0m   [0mINSERT INTO schema_migrations (version) VALUES ('20091107184838')[0m
Migrating to CreateSkills (20091107190539)
  [4;36;1mSQL (0.0ms)[0m   [0;1mMysql::Error: Table 'skills' already exists: CREATE TABLE `skills` (`id` int(11) DEFAULT NULL auto_increment PRIMARY KEY, `created_at` datetime, `updated_at` datetime) ENGINE=InnoDB[0m
  [4;36;1mSQL (0.3ms)[0m   [0;1mSET SQL_AUTO_IS_NULL=0[0m
  [4;35;1mSQL (0.4ms)[0m   [0mSHOW TABLES[0m
  [4;36;1mSQL (0.0ms)[0m   [0;1mSELECT version FROM schema_migrations[0m
Migrating to InitialDb (20091107180012)
Migrating to Adddefaults (20091107184838)
  [4;35;1mSQL (0.0ms)[0m   [0mSHOW TABLES[0m
  [4;36;1mSQL (0.1ms)[0m   [0;1mSELECT version FROM schema_migrations[0m
  [4;35;1mSQL (0.3ms)[0m   [0mSHOW TABLES[0m
  [4;36;1mSQL (0.0ms)[0m   [0;1mSHOW FIELDS FROM `assignments`[0m
  [4;35;1mSQL (3.1ms)[0m   [0mdescribe `assignments`[0m
  [4;36;1mSQL (0.2ms)[0m   [0;1mSHOW KEYS FROM `assignments`[0m
  [4;35;1mSQL (0.0ms)[0m   [0mSHOW FIELDS FROM `contact_contact_types`[0m
  [4;36;1mSQL (2.7ms)[0m   [0;1mdescribe `contact_contact_types`[0m
  [4;35;1mSQL (0.3ms)[0m   [0mSHOW KEYS FROM `contact_contact_types`[0m
  [4;36;1mSQL (0.6ms)[0m   [0;1mSHOW FIELDS FROM `contact_skills`[0m
  [4;35;1mSQL (0.0ms)[0m   [0mdescribe `contact_skills`[0m
  [4;36;1mSQL (0.0ms)[0m   [0;1mSHOW KEYS FROM `contact_skills`[0m
  [4;35;1mSQL (0.0ms)[0m   [0mSHOW FIELDS FROM `contact_types`[0m
  [4;36;1mSQL (2.8ms)[0m   [0;1mdescribe `contact_types`[0m
  [4;35;1mSQL (0.3ms)[0m   [0mSHOW KEYS FROM `contact_types`[0m
  [4;36;1mSQL (0.0ms)[0m   [0;1mSHOW FIELDS FROM `contacts`[0m
  [4;35;1mSQL (2.4ms)[0m   [0mdescribe `contacts`[0m
  [4;36;1mSQL (0.0ms)[0m   [0;1mSHOW KEYS FROM `contacts`[0m
  [4;35;1mSQL (3.9ms)[0m   [0mSHOW FIELDS FROM `houses`[0m
  [4;36;1mSQL (3.6ms)[0m   [0;1mdescribe `houses`[0m
  [4;35;1mSQL (3.0ms)[0m   [0mSHOW KEYS FROM `houses`[0m
  [4;36;1mSQL (0.7ms)[0m   [0;1mSHOW FIELDS FROM `houses_skills`[0m
  [4;35;1mSQL (0.3ms)[0m   [0mdescribe `houses_skills`[0m
  [4;36;1mSQL (0.0ms)[0m   [0;1mSHOW KEYS FROM `houses_skills`[0m
  [4;35;1mSQL (0.0ms)[0m   [0mSHOW FIELDS FROM `projects`[0m
  [4;36;1mSQL (1.1ms)[0m   [0;1mdescribe `projects`[0m
  [4;35;1mSQL (0.0ms)[0m   [0mSHOW KEYS FROM `projects`[0m
  [4;36;1mSQL (0.0ms)[0m   [0;1mSHOW FIELDS FROM `skills`[0m
  [4;35;1mSQL (0.9ms)[0m   [0mdescribe `skills`[0m
  [4;36;1mSQL (0.0ms)[0m   [0;1mSHOW KEYS FROM `skills`[0m
  [4;35;1mSQL (0.0ms)[0m   [0mSHOW FIELDS FROM `volunteer_groups`[0m
  [4;36;1mSQL (0.6ms)[0m   [0;1mdescribe `volunteer_groups`[0m
  [4;35;1mSQL (0.0ms)[0m   [0mSHOW KEYS FROM `volunteer_groups`[0m
